{"total": {"lines":{"total":2574,"covered":1927,"skipped":0,"pct":74.86},"statements":{"total":2574,"covered":1927,"skipped":0,"pct":74.86},"functions":{"total":96,"covered":79,"skipped":0,"pct":82.29},"branches":{"total":400,"covered":214,"skipped":0,"pct":53.5},"branchesTrue":{"total":0,"covered":0,"skipped":0,"pct":"Unknown"}}
,"C:\\Users\\super\\Documents\\projects\\Graphical-Forecast-Creator\\src\\utils\\analyticsUtils.ts": {"lines":{"total":40,"covered":16,"skipped":0,"pct":40},"functions":{"total":2,"covered":2,"skipped":0,"pct":100},"statements":{"total":40,"covered":16,"skipped":0,"pct":40},"branches":{"total":8,"covered":5,"skipped":0,"pct":62.5}}
,"C:\\Users\\super\\Documents\\projects\\Graphical-Forecast-Creator\\src\\utils\\cycleHistoryPersistence.ts": {"lines":{"total":147,"covered":0,"skipped":0,"pct":0},"functions":{"total":1,"covered":0,"skipped":0,"pct":0},"statements":{"total":147,"covered":0,"skipped":0,"pct":0},"branches":{"total":1,"covered":0,"skipped":0,"pct":0}}
,"C:\\Users\\super\\Documents\\projects\\Graphical-Forecast-Creator\\src\\utils\\discussionUtils.ts": {"lines":{"total":137,"covered":98,"skipped":0,"pct":71.53},"functions":{"total":3,"covered":2,"skipped":0,"pct":66.66},"statements":{"total":137,"covered":98,"skipped":0,"pct":71.53},"branches":{"total":8,"covered":3,"skipped":0,"pct":37.5}}
,"C:\\Users\\super\\Documents\\projects\\Graphical-Forecast-Creator\\src\\utils\\domUtils.ts": {"lines":{"total":40,"covered":40,"skipped":0,"pct":100},"functions":{"total":2,"covered":2,"skipped":0,"pct":100},"statements":{"total":40,"covered":40,"skipped":0,"pct":100},"branches":{"total":5,"covered":5,"skipped":0,"pct":100}}
,"C:\\Users\\super\\Documents\\projects\\Graphical-Forecast-Creator\\src\\utils\\exportUtils.ts": {"lines":{"total":758,"covered":615,"skipped":0,"pct":81.13},"functions":{"total":42,"covered":33,"skipped":0,"pct":78.57},"statements":{"total":758,"covered":615,"skipped":0,"pct":81.13},"branches":{"total":135,"covered":80,"skipped":0,"pct":59.25}}
,"C:\\Users\\super\\Documents\\projects\\Graphical-Forecast-Creator\\src\\utils\\featureFlagsUtils.ts": {"lines":{"total":47,"covered":44,"skipped":0,"pct":93.61},"functions":{"total":3,"covered":3,"skipped":0,"pct":100},"statements":{"total":47,"covered":44,"skipped":0,"pct":93.61},"branches":{"total":15,"covered":9,"skipped":0,"pct":60}}
,"C:\\Users\\super\\Documents\\projects\\Graphical-Forecast-Creator\\src\\utils\\fileUtils.ts": {"lines":{"total":265,"covered":158,"skipped":0,"pct":59.62},"functions":{"total":9,"covered":5,"skipped":0,"pct":55.55},"statements":{"total":265,"covered":158,"skipped":0,"pct":59.62},"branches":{"total":31,"covered":12,"skipped":0,"pct":38.7}}
,"C:\\Users\\super\\Documents\\projects\\Graphical-Forecast-Creator\\src\\utils\\forecastMetrics.ts": {"lines":{"total":49,"covered":43,"skipped":0,"pct":87.75},"functions":{"total":1,"covered":1,"skipped":0,"pct":100},"statements":{"total":49,"covered":43,"skipped":0,"pct":87.75},"branches":{"total":8,"covered":4,"skipped":0,"pct":50}}
,"C:\\Users\\super\\Documents\\projects\\Graphical-Forecast-Creator\\src\\utils\\forecastUiVariant.ts": {"lines":{"total":98,"covered":94,"skipped":0,"pct":95.91},"functions":{"total":4,"covered":4,"skipped":0,"pct":100},"statements":{"total":98,"covered":94,"skipped":0,"pct":95.91},"branches":{"total":16,"covered":13,"skipped":0,"pct":81.25}}
,"C:\\Users\\super\\Documents\\projects\\Graphical-Forecast-Creator\\src\\utils\\localDate.ts": {"lines":{"total":7,"covered":7,"skipped":0,"pct":100},"functions":{"total":1,"covered":1,"skipped":0,"pct":100},"statements":{"total":7,"covered":7,"skipped":0,"pct":100},"branches":{"total":2,"covered":2,"skipped":0,"pct":100}}
,"C:\\Users\\super\\Documents\\projects\\Graphical-Forecast-Creator\\src\\utils\\mapStyleUtils.ts": {"lines":{"total":141,"covered":135,"skipped":0,"pct":95.74},"functions":{"total":5,"covered":5,"skipped":0,"pct":100},"statements":{"total":141,"covered":135,"skipped":0,"pct":95.74},"branches":{"total":26,"covered":15,"skipped":0,"pct":57.69}}
,"C:\\Users\\super\\Documents\\projects\\Graphical-Forecast-Creator\\src\\utils\\outlookUtils.ts": {"lines":{"total":343,"covered":210,"skipped":0,"pct":61.22},"functions":{"total":9,"covered":7,"skipped":0,"pct":77.77},"statements":{"total":343,"covered":210,"skipped":0,"pct":61.22},"branches":{"total":60,"covered":9,"skipped":0,"pct":15}}
,"C:\\Users\\super\\Documents\\projects\\Graphical-Forecast-Creator\\src\\utils\\productMetrics.ts": {"lines":{"total":76,"covered":55,"skipped":0,"pct":72.36},"functions":{"total":3,"covered":3,"skipped":0,"pct":100},"statements":{"total":76,"covered":55,"skipped":0,"pct":72.36},"branches":{"total":11,"covered":3,"skipped":0,"pct":27.27}}
,"C:\\Users\\super\\Documents\\projects\\Graphical-Forecast-Creator\\src\\utils\\stormReportParser.ts": {"lines":{"total":187,"covered":179,"skipped":0,"pct":95.72},"functions":{"total":5,"covered":5,"skipped":0,"pct":100},"statements":{"total":187,"covered":179,"skipped":0,"pct":95.72},"branches":{"total":45,"covered":36,"skipped":0,"pct":80}}
,"C:\\Users\\super\\Documents\\projects\\Graphical-Forecast-Creator\\src\\utils\\verificationUtils.ts": {"lines":{"total":239,"covered":233,"skipped":0,"pct":97.48},"functions":{"total":6,"covered":6,"skipped":0,"pct":100},"statements":{"total":239,"covered":233,"skipped":0,"pct":97.48},"branches":{"total":29,"covered":18,"skipped":0,"pct":62.06}}
}
