TN:
SF:src\utils\analyticsUtils.ts
FN:5,shouldTrack
FN:11,trackPageView
FNF:2
FNH:2
FNDA:5,shouldTrack
FNDA:2,trackPageView
DA:1,1
DA:2,1
DA:3,1
DA:4,1
DA:5,1
DA:6,5
DA:7,5
DA:8,5
DA:9,5
DA:10,1
DA:11,1
DA:12,2
DA:13,2
DA:14,2
DA:15,0
DA:16,0
DA:17,0
DA:18,0
DA:19,0
DA:20,0
DA:21,0
DA:22,0
DA:23,0
DA:24,0
DA:25,0
DA:26,0
DA:27,0
DA:28,0
DA:29,0
DA:30,0
DA:31,0
DA:32,0
DA:33,0
DA:34,0
DA:35,0
DA:36,0
DA:37,2
DA:38,0
DA:39,0
DA:40,2
LF:40
LH:16
BRDA:5,0,0,5
BRDA:6,1,0,0
BRDA:7,2,0,3
BRDA:7,3,0,2
BRDA:8,4,0,2
BRDA:11,5,0,2
BRDA:15,6,0,0
BRDA:37,7,0,0
BRF:8
BRH:5
end_of_record
TN:
SF:src\utils\cycleHistoryPersistence.ts
FN:1,(empty-report)
FNF:1
FNH:0
FNDA:0,(empty-report)
DA:1,0
DA:2,0
DA:3,0
DA:4,0
DA:5,0
DA:6,0
DA:7,0
DA:8,0
DA:9,0
DA:10,0
DA:11,0
DA:12,0
DA:13,0
DA:14,0
DA:15,0
DA:16,0
DA:17,0
DA:18,0
DA:19,0
DA:20,0
DA:21,0
DA:22,0
DA:23,0
DA:24,0
DA:25,0
DA:26,0
DA:27,0
DA:28,0
DA:29,0
DA:30,0
DA:31,0
DA:32,0
DA:33,0
DA:34,0
DA:35,0
DA:36,0
DA:37,0
DA:38,0
DA:39,0
DA:40,0
DA:41,0
DA:42,0
DA:43,0
DA:44,0
DA:45,0
DA:46,0
DA:47,0
DA:48,0
DA:49,0
DA:50,0
DA:51,0
DA:52,0
DA:53,0
DA:54,0
DA:55,0
DA:56,0
DA:57,0
DA:58,0
DA:59,0
DA:60,0
DA:61,0
DA:62,0
DA:63,0
DA:64,0
DA:65,0
DA:66,0
DA:67,0
DA:68,0
DA:69,0
DA:70,0
DA:71,0
DA:72,0
DA:73,0
DA:74,0
DA:75,0
DA:76,0
DA:77,0
DA:78,0
DA:79,0
DA:80,0
DA:81,0
DA:82,0
DA:83,0
DA:84,0
DA:85,0
DA:86,0
DA:87,0
DA:88,0
DA:89,0
DA:90,0
DA:91,0
DA:92,0
DA:93,0
DA:94,0
DA:95,0
DA:96,0
DA:97,0
DA:98,0
DA:99,0
DA:100,0
DA:101,0
DA:102,0
DA:103,0
DA:104,0
DA:105,0
DA:106,0
DA:107,0
DA:108,0
DA:109,0
DA:110,0
DA:111,0
DA:112,0
DA:113,0
DA:114,0
DA:115,0
DA:116,0
DA:117,0
DA:118,0
DA:119,0
DA:120,0
DA:121,0
DA:122,0
DA:123,0
DA:124,0
DA:125,0
DA:126,0
DA:127,0
DA:128,0
DA:129,0
DA:130,0
DA:131,0
DA:132,0
DA:133,0
DA:134,0
DA:135,0
DA:136,0
DA:137,0
DA:138,0
DA:139,0
DA:140,0
DA:141,0
DA:142,0
DA:143,0
DA:144,0
DA:145,0
DA:146,0
DA:147,0
LF:147
LH:0
BRDA:1,0,0,0
BRF:1
BRH:0
end_of_record
TN:
SF:src\utils\discussionUtils.ts
FN:7,compileDiscussionToText
FN:34,formatValidTime
FN:118,exportDiscussionToFile
FNF:3
FNH:2
FNDA:2,compileDiscussionToText
FNDA:4,formatValidTime
FNDA:0,exportDiscussionToFile
DA:1,1
DA:2,1
DA:3,1
DA:4,1
DA:5,1
DA:6,1
DA:7,1
DA:8,2
DA:9,2
DA:10,2
DA:11,2
DA:12,2
DA:13,2
DA:14,2
DA:15,2
DA:16,2
DA:17,2
DA:18,2
DA:19,2
DA:20,2
DA:21,2
DA:22,2
DA:23,2
DA:24,2
DA:25,2
DA:26,2
DA:27,2
DA:28,2
DA:29,2
DA:30,2
DA:31,2
DA:32,2
DA:33,2
DA:34,2
DA:35,4
DA:36,4
DA:37,4
DA:38,4
DA:39,4
DA:40,4
DA:41,4
DA:42,4
DA:43,2
DA:44,2
DA:45,2
DA:46,2
DA:47,2
DA:48,2
DA:49,2
DA:50,2
DA:51,2
DA:52,2
DA:53,2
DA:54,2
DA:55,1
DA:56,1
DA:57,1
DA:58,1
DA:59,1
DA:60,1
DA:61,1
DA:62,1
DA:63,1
DA:64,1
DA:65,1
DA:66,1
DA:67,1
DA:68,1
DA:69,1
DA:70,1
DA:71,1
DA:72,1
DA:73,1
DA:74,1
DA:75,1
DA:76,0
DA:77,0
DA:78,0
DA:79,0
DA:80,0
DA:81,1
DA:82,1
DA:83,0
DA:84,0
DA:85,0
DA:86,0
DA:87,0
DA:88,1
DA:89,1
DA:90,0
DA:91,0
DA:92,0
DA:93,0
DA:94,0
DA:95,1
DA:96,1
DA:97,0
DA:98,0
DA:99,0
DA:100,0
DA:101,0
DA:102,1
DA:103,2
DA:104,2
DA:105,2
DA:106,2
DA:107,2
DA:108,2
DA:109,2
DA:110,2
DA:111,2
DA:112,2
DA:113,2
DA:114,1
DA:115,1
DA:116,1
DA:117,1
DA:118,1
DA:119,0
DA:120,0
DA:121,0
DA:122,0
DA:123,0
DA:124,0
DA:125,0
DA:126,0
DA:127,0
DA:128,0
DA:129,0
DA:130,0
DA:131,0
DA:132,0
DA:133,0
DA:134,0
DA:135,0
DA:136,0
DA:137,0
LF:137
LH:98
BRDA:7,0,0,2
BRDA:54,1,0,1
BRDA:56,2,0,0
BRDA:75,3,0,0
BRDA:82,4,0,0
BRDA:89,5,0,0
BRDA:96,6,0,0
BRDA:34,7,0,4
BRF:8
BRH:3
end_of_record
TN:
SF:src\utils\domUtils.ts
FN:8,createTooltipContent
FN:37,stripHtml
FNF:2
FNH:2
FNDA:3,createTooltipContent
FNDA:4,stripHtml
DA:1,1
DA:2,1
DA:3,1
DA:4,1
DA:5,1
DA:6,1
DA:7,1
DA:8,1
DA:9,3
DA:10,3
DA:11,3
DA:12,3
DA:13,3
DA:14,3
DA:15,3
DA:16,3
DA:17,3
DA:18,3
DA:19,3
DA:20,3
DA:21,3
DA:22,3
DA:23,3
DA:24,3
DA:25,3
DA:26,3
DA:27,3
DA:28,3
DA:29,3
DA:30,1
DA:31,1
DA:32,1
DA:33,1
DA:34,1
DA:35,1
DA:36,1
DA:37,1
DA:38,4
DA:39,4
DA:40,4
LF:40
LH:40
BRDA:8,0,0,3
BRDA:21,1,0,1
BRDA:21,2,0,2
BRDA:37,3,0,4
BRDA:39,4,0,1
BRF:5
BRH:5
end_of_record
TN:
SF:src\utils\exportUtils.ts
FN:14,isLeafletMap
FN:21,getExportContainer
FN:45,getFeatureStyle
FN:89,getFormattedDate
FN:110,createTempContainer
FN:118,createTempMap
FN:135,addTilesAndWait
FN:154,finish
FN:162,addAndWatch
FN:164,deriveConfig
FN:184,onTileStart
FN:186,onTileFinish
FN:209,sortProbabilities
FN:236,getPercentValue
FN:241,renderOutlooksToMap
FN:243,getExportFeatureStyle
FN:264,style
FN:271,addOverlays
FN:336,cloneLegendAndStatusOverlays
FN:351,readStatusText
FN:357,readUnofficialText
FN:362,captureContainer
FN:383,onclone
FN:440,waitForMapSettle
FN:445,finish
FN:459,waitForMapSettleGeneric
FN:469,finish
FN:490,waitForImagesLoaded
FN:506,finishOne_1
FN:538,hideElementsInClone
FN:548,exportLiveMapAsImage
FN:576,addTempMapWarning
FN:589,getSourceRoot
FN:593,prepareTempMapAndContainer
FN:603,cleanupTempMapResources
FN:618,captureFromTempMap
FN:660,exportViaTempMapAsImage
FN:679,exportMapAsImage
FN:701,downloadDataUrl
FN:709,getExportRootAndSize
FN:722,maybeShowTileTimeoutWarning
FN:741,buildCloneCallback
FNF:42
FNH:33
FNDA:3,isLeafletMap
FNDA:6,getExportContainer
FNDA:1,getFeatureStyle
FNDA:2,getFormattedDate
FNDA:1,createTempContainer
FNDA:0,createTempMap
FNDA:2,addTilesAndWait
FNDA:2,finish
FNDA:2,addAndWatch
FNDA:2,deriveConfig
FNDA:1,onTileStart
FNDA:1,onTileFinish
FNDA:2,sortProbabilities
FNDA:2,getPercentValue
FNDA:1,renderOutlooksToMap
FNDA:1,getExportFeatureStyle
FNDA:1,style
FNDA:1,addOverlays
FNDA:1,cloneLegendAndStatusOverlays
FNDA:0,readStatusText
FNDA:0,readUnofficialText
FNDA:2,captureContainer
FNDA:1,onclone
FNDA:1,waitForMapSettle
FNDA:1,finish
FNDA:2,waitForMapSettleGeneric
FNDA:1,finish
FNDA:3,waitForImagesLoaded
FNDA:2,finishOne_1
FNDA:2,hideElementsInClone
FNDA:1,exportLiveMapAsImage
FNDA:0,addTempMapWarning
FNDA:0,getSourceRoot
FNDA:0,prepareTempMapAndContainer
FNDA:0,cleanupTempMapResources
FNDA:0,captureFromTempMap
FNDA:0,exportViaTempMapAsImage
FNDA:1,exportMapAsImage
FNDA:1,downloadDataUrl
FNDA:3,getExportRootAndSize
FNDA:1,maybeShowTileTimeoutWarning
FNDA:1,buildCloneCallback
DA:1,1
DA:2,1
DA:3,1
DA:4,1
DA:5,1
DA:6,1
DA:7,1
DA:8,1
DA:9,1
DA:10,1
DA:11,1
DA:12,1
DA:13,1
DA:14,1
DA:15,3
DA:16,3
DA:17,1
DA:18,1
DA:19,1
DA:20,1
DA:21,1
DA:22,6
DA:23,2
DA:24,2
DA:25,4
DA:26,5
DA:27,1
DA:28,1
DA:29,3
DA:30,3
DA:31,3
DA:32,1
DA:33,1
DA:34,1
DA:35,1
DA:36,1
DA:37,1
DA:38,1
DA:39,1
DA:40,1
DA:41,1
DA:42,1
DA:43,1
DA:44,1
DA:45,1
DA:46,1
DA:47,1
DA:48,1
DA:49,1
DA:50,1
DA:51,1
DA:52,1
DA:53,1
DA:54,1
DA:55,1
DA:56,1
DA:57,1
DA:58,1
DA:59,1
DA:60,1
DA:61,0
DA:62,0
DA:63,0
DA:64,0
DA:65,0
DA:66,0
DA:67,0
DA:68,0
DA:69,0
DA:70,0
DA:71,0
DA:72,0
DA:73,0
DA:74,0
DA:75,1
DA:76,1
DA:77,1
DA:78,1
DA:79,1
DA:80,1
DA:81,1
DA:82,1
DA:83,1
DA:84,1
DA:85,1
DA:86,1
DA:87,1
DA:88,1
DA:89,1
DA:90,2
DA:91,2
DA:92,2
DA:93,2
DA:94,2
DA:95,2
DA:96,2
DA:97,2
DA:98,1
DA:99,1
DA:100,1
DA:101,1
DA:102,1
DA:103,1
DA:104,1
DA:105,1
DA:106,1
DA:107,1
DA:108,1
DA:109,1
DA:110,1
DA:111,1
DA:112,1
DA:113,1
DA:114,1
DA:115,1
DA:116,1
DA:117,1
DA:118,1
DA:119,0
DA:120,0
DA:121,0
DA:122,0
DA:123,0
DA:124,0
DA:125,0
DA:126,0
DA:127,0
DA:128,0
DA:129,0
DA:130,0
DA:131,0
DA:132,0
DA:133,1
DA:134,1
DA:135,1
DA:136,2
DA:137,2
DA:138,2
DA:139,2
DA:140,2
DA:141,2
DA:142,2
DA:143,2
DA:144,2
DA:145,2
DA:146,2
DA:147,2
DA:148,2
DA:149,2
DA:150,2
DA:151,2
DA:152,2
DA:153,2
DA:154,2
DA:155,2
DA:156,2
DA:157,2
DA:158,2
DA:159,2
DA:160,2
DA:161,2
DA:162,2
DA:163,2
DA:164,2
DA:165,2
DA:166,2
DA:167,2
DA:168,2
DA:169,2
DA:170,2
DA:171,2
DA:172,2
DA:173,2
DA:174,2
DA:175,2
DA:176,2
DA:177,2
DA:178,2
DA:179,2
DA:180,2
DA:181,2
DA:182,2
DA:183,2
DA:184,2
DA:185,2
DA:186,2
DA:187,1
DA:188,1
DA:189,2
DA:190,2
DA:191,2
DA:192,2
DA:193,2
DA:194,2
DA:195,2
DA:196,2
DA:197,2
DA:198,2
DA:199,2
DA:200,2
DA:201,2
DA:202,2
DA:203,2
DA:204,2
DA:205,2
DA:206,2
DA:207,1
DA:208,1
DA:209,1
DA:210,2
DA:211,2
DA:212,5
DA:213,5
DA:214,5
DA:215,5
DA:216,5
DA:217,5
DA:218,5
DA:219,5
DA:220,2
DA:221,2
DA:222,3
DA:223,5
DA:224,0
DA:225,0
DA:226,3
DA:227,5
DA:228,5
DA:229,1
DA:230,1
DA:231,1
DA:232,1
DA:233,1
DA:234,5
DA:235,1
DA:236,1
DA:237,2
DA:238,2
DA:239,1
DA:240,1
DA:241,1
DA:242,1
DA:243,1
DA:244,1
DA:245,1
DA:246,1
DA:247,1
DA:248,1
DA:249,1
DA:250,1
DA:251,6
DA:252,6
DA:253,6
DA:254,1
DA:255,1
DA:256,1
DA:257,1
DA:258,1
DA:259,1
DA:260,1
DA:261,1
DA:262,1
DA:263,1
DA:264,1
DA:265,1
DA:266,1
DA:267,1
DA:268,1
DA:269,1
DA:270,1
DA:271,1
DA:272,1
DA:273,1
DA:274,1
DA:275,1
DA:276,1
DA:277,1
DA:278,1
DA:279,1
DA:280,1
DA:281,1
DA:282,1
DA:283,1
DA:284,1
DA:285,1
DA:286,1
DA:287,1
DA:288,1
DA:289,1
DA:290,1
DA:291,1
DA:292,1
DA:293,1
DA:294,1
DA:295,1
DA:296,1
DA:297,1
DA:298,1
DA:299,1
DA:300,1
DA:301,1
DA:302,1
DA:303,1
DA:304,1
DA:305,1
DA:306,1
DA:307,1
DA:308,1
DA:309,1
DA:310,1
DA:311,1
DA:312,1
DA:313,1
DA:314,1
DA:315,1
DA:316,1
DA:317,1
DA:318,1
DA:319,1
DA:320,1
DA:321,1
DA:322,1
DA:323,1
DA:324,1
DA:325,1
DA:326,1
DA:327,1
DA:328,1
DA:329,1
DA:330,1
DA:331,1
DA:332,1
DA:333,1
DA:334,1
DA:335,1
DA:336,1
DA:337,1
DA:338,1
DA:339,1
DA:340,1
DA:341,1
DA:342,1
DA:343,1
DA:344,1
DA:345,1
DA:346,1
DA:347,1
DA:348,1
DA:349,1
DA:350,1
DA:351,1
DA:352,0
DA:353,0
DA:354,0
DA:355,1
DA:356,1
DA:357,1
DA:358,0
DA:359,0
DA:360,1
DA:361,1
DA:362,1
DA:363,2
DA:364,2
DA:365,2
DA:366,2
DA:367,2
DA:368,2
DA:369,2
DA:370,2
DA:371,2
DA:372,2
DA:373,2
DA:374,2
DA:375,2
DA:376,2
DA:377,2
DA:378,2
DA:379,2
DA:380,2
DA:381,2
DA:382,2
DA:383,2
DA:384,1
DA:385,1
DA:386,1
DA:387,1
DA:388,1
DA:389,1
DA:390,1
DA:391,0
DA:392,0
DA:393,0
DA:394,1
DA:395,1
DA:396,1
DA:397,1
DA:398,1
DA:399,1
DA:400,1
DA:401,1
DA:402,1
DA:403,1
DA:404,1
DA:405,1
DA:406,1
DA:407,1
DA:408,1
DA:409,1
DA:410,1
DA:411,1
DA:412,1
DA:413,0
DA:414,0
DA:415,0
DA:416,1
DA:417,1
DA:418,1
DA:419,0
DA:420,0
DA:421,0
DA:422,1
DA:423,1
DA:424,0
DA:425,0
DA:426,1
DA:427,1
DA:428,2
DA:429,2
DA:430,2
DA:431,2
DA:432,2
DA:433,0
DA:434,0
DA:435,2
DA:436,2
DA:437,2
DA:438,1
DA:439,1
DA:440,1
DA:441,1
DA:442,1
DA:443,1
DA:444,1
DA:445,1
DA:446,1
DA:447,1
DA:448,1
DA:449,1
DA:450,1
DA:451,1
DA:452,1
DA:453,1
DA:454,1
DA:455,1
DA:456,1
DA:457,1
DA:458,1
DA:459,1
DA:460,2
DA:461,1
DA:462,2
DA:463,2
DA:464,2
DA:465,2
DA:466,1
DA:467,1
DA:468,1
DA:469,1
DA:470,1
DA:471,1
DA:472,1
DA:473,1
DA:474,1
DA:475,1
DA:476,1
DA:477,1
DA:478,1
DA:479,1
DA:480,0
DA:481,0
DA:482,0
DA:483,1
DA:484,1
DA:485,1
DA:486,1
DA:487,2
DA:488,1
DA:489,1
DA:490,1
DA:491,3
DA:492,3
DA:493,3
DA:494,3
DA:495,1
DA:496,1
DA:497,1
DA:498,1
DA:499,2
DA:500,2
DA:501,2
DA:502,2
DA:503,2
DA:504,2
DA:505,2
DA:506,2
DA:507,2
DA:508,2
DA:509,1
DA:510,1
DA:511,1
DA:512,2
DA:513,2
DA:514,2
DA:515,3
DA:516,3
DA:517,2
DA:518,3
DA:519,1
DA:520,1
DA:521,1
DA:522,2
DA:523,2
DA:524,2
DA:525,1
DA:526,1
DA:527,1
DA:528,1
DA:529,2
DA:530,2
DA:531,0
DA:532,0
DA:533,0
DA:534,3
DA:535,3
DA:536,1
DA:537,1
DA:538,1
DA:539,2
DA:540,6
DA:541,2
DA:542,6
DA:543,2
DA:544,2
DA:545,1
DA:546,1
DA:547,1
DA:548,1
DA:549,1
DA:550,1
DA:551,1
DA:552,1
DA:553,1
DA:554,1
DA:555,1
DA:556,1
DA:557,1
DA:558,1
DA:559,1
DA:560,1
DA:561,1
DA:562,1
DA:563,1
DA:564,1
DA:565,1
DA:566,1
DA:567,1
DA:568,1
DA:569,1
DA:570,1
DA:571,1
DA:572,1
DA:573,1
DA:574,1
DA:575,1
DA:576,1
DA:577,0
DA:578,0
DA:579,0
DA:580,0
DA:581,0
DA:582,0
DA:583,0
DA:584,0
DA:585,0
DA:586,0
DA:587,1
DA:588,1
DA:589,1
DA:590,0
DA:591,1
DA:592,1
DA:593,1
DA:594,0
DA:595,0
DA:596,0
DA:597,0
DA:598,0
DA:599,0
DA:600,0
DA:601,1
DA:602,1
DA:603,1
DA:604,0
DA:605,0
DA:606,0
DA:607,0
DA:608,0
DA:609,0
DA:610,0
DA:611,0
DA:612,0
DA:613,0
DA:614,0
DA:615,0
DA:616,1
DA:617,1
DA:618,1
DA:619,0
DA:620,0
DA:621,0
DA:622,0
DA:623,0
DA:624,0
DA:625,0
DA:626,0
DA:627,0
DA:628,0
DA:629,0
DA:630,0
DA:631,0
DA:632,0
DA:633,0
DA:634,0
DA:635,0
DA:636,0
DA:637,0
DA:638,0
DA:639,0
DA:640,0
DA:641,0
DA:642,0
DA:643,0
DA:644,0
DA:645,0
DA:646,0
DA:647,0
DA:648,0
DA:649,0
DA:650,0
DA:651,0
DA:652,0
DA:653,0
DA:654,0
DA:655,1
DA:656,1
DA:657,1
DA:658,1
DA:659,1
DA:660,1
DA:661,0
DA:662,0
DA:663,0
DA:664,0
DA:665,0
DA:666,0
DA:667,0
DA:668,0
DA:669,0
DA:670,0
DA:671,0
DA:672,0
DA:673,0
DA:674,0
DA:675,0
DA:676,0
DA:677,1
DA:678,1
DA:679,1
DA:680,1
DA:681,1
DA:682,1
DA:683,1
DA:684,1
DA:685,1
DA:686,1
DA:687,1
DA:688,1
DA:689,1
DA:690,1
DA:691,0
DA:692,0
DA:693,1
DA:694,1
DA:695,1
DA:696,1
DA:697,1
DA:698,1
DA:699,1
DA:700,1
DA:701,1
DA:702,1
DA:703,1
DA:704,1
DA:705,1
DA:706,1
DA:707,1
DA:708,1
DA:709,3
DA:710,3
DA:711,3
DA:712,2
DA:713,2
DA:714,1
DA:715,3
DA:716,3
DA:717,3
DA:718,3
DA:719,3
DA:720,1
DA:721,1
DA:722,1
DA:723,1
DA:724,1
DA:725,1
DA:726,1
DA:727,1
DA:728,1
DA:729,1
DA:730,1
DA:731,1
DA:732,0
DA:733,1
DA:734,1
DA:735,0
DA:736,0
DA:737,1
DA:738,1
DA:739,1
DA:740,1
DA:741,1
DA:742,1
DA:743,1
DA:744,1
DA:745,1
DA:746,1
DA:747,1
DA:748,1
DA:749,1
DA:750,1
DA:751,1
DA:752,1
DA:753,0
DA:754,0
DA:755,1
DA:756,1
DA:757,1
DA:758,1
LF:758
LH:615
BRDA:14,0,0,3
BRDA:15,1,0,1
BRDA:21,2,0,6
BRDA:22,3,0,2
BRDA:25,4,0,5
BRDA:25,5,0,4
BRDA:26,6,0,1
BRDA:29,7,0,3
BRDA:45,8,0,1
BRDA:57,9,0,0
BRDA:57,10,0,0
BRDA:60,11,0,0
BRDA:89,12,0,2
BRDA:110,13,0,1
BRDA:135,14,0,2
BRDA:135,15,0,0
BRDA:137,16,0,2
BRDA:148,17,0,0
BRDA:141,18,0,2
BRDA:154,19,0,2
BRDA:154,20,0,0
BRDA:162,21,0,2
BRDA:164,22,0,2
BRDA:166,23,0,0
BRDA:166,24,0,0
BRDA:166,25,0,0
BRDA:166,26,0,0
BRDA:167,27,0,0
BRDA:167,28,0,0
BRDA:168,29,0,0
BRDA:168,30,0,0
BRDA:184,31,0,1
BRDA:186,32,0,1
BRDA:204,33,0,1
BRDA:209,34,0,2
BRDA:211,35,0,5
BRDA:219,36,0,2
BRDA:220,37,0,0
BRDA:222,38,0,3
BRDA:223,39,0,0
BRDA:223,40,0,0
BRDA:226,41,0,3
BRDA:227,42,0,1
BRDA:228,43,0,2
BRDA:228,44,0,1
BRDA:234,45,0,0
BRDA:234,46,0,0
BRDA:235,47,0,1
BRDA:236,48,0,2
BRDA:236,49,0,0
BRDA:241,50,0,1
BRDA:243,51,0,1
BRDA:250,52,0,6
BRDA:253,53,0,5
BRDA:254,54,0,1
BRDA:257,55,0,1
BRDA:261,56,0,1
BRDA:264,57,0,1
BRDA:271,58,0,1
BRDA:279,59,0,0
BRDA:280,60,0,0
BRDA:281,61,0,0
BRDA:320,62,0,0
BRDA:321,63,0,0
BRDA:328,64,0,0
BRDA:329,65,0,0
BRDA:336,66,0,1
BRDA:338,67,0,0
BRDA:362,68,0,2
BRDA:369,69,0,2
BRDA:377,70,0,0
BRDA:432,71,0,0
BRDA:383,72,0,1
BRDA:387,73,0,0
BRDA:418,74,0,0
BRDA:423,75,0,0
BRDA:389,76,0,1
BRDA:390,77,0,0
BRDA:406,78,0,1
BRDA:412,79,0,0
BRDA:440,80,0,1
BRDA:440,81,0,0
BRDA:441,82,0,1
BRDA:445,83,0,1
BRDA:459,84,0,2
BRDA:459,85,0,0
BRDA:460,86,0,1
BRDA:465,87,0,1
BRDA:465,88,0,1
BRDA:479,89,0,0
BRDA:469,90,0,1
BRDA:490,91,0,3
BRDA:490,92,0,0
BRDA:491,93,0,3
BRDA:494,94,0,1
BRDA:499,95,0,2
BRDA:530,96,0,0
BRDA:496,97,0,1
BRDA:506,98,0,2
BRDA:508,99,0,1
BRDA:508,100,0,1
BRDA:514,101,0,3
BRDA:516,102,0,2
BRDA:518,103,0,1
BRDA:524,104,0,1
BRDA:538,105,0,2
BRDA:539,106,0,6
BRDA:540,107,0,2
BRDA:548,108,0,1
BRDA:551,109,0,1
BRDA:554,110,0,0
BRDA:555,111,0,0
BRDA:562,112,0,0
BRDA:562,113,0,0
BRDA:563,114,0,0
BRDA:563,115,0,0
BRDA:679,116,0,1
BRDA:686,117,0,1
BRDA:691,118,0,0
BRDA:701,119,0,1
BRDA:709,120,0,3
BRDA:711,121,0,2
BRDA:714,122,0,1
BRDA:715,123,0,0
BRDA:722,124,0,1
BRDA:723,125,0,0
BRDA:734,126,0,0
BRDA:731,127,0,1
BRDA:731,128,0,0
BRDA:741,129,0,1
BRDA:741,130,0,0
BRDA:742,131,0,1
BRDA:752,132,0,0
BRDA:756,133,0,0
BRDA:756,134,0,0
BRF:135
BRH:80
end_of_record
TN:
SF:src\utils\featureFlagsUtils.ts
FN:8,getFirstEnabledOutlookType
FN:22,isAnyOutlookEnabled
FN:34,isOutlookTypeEnabled
FNF:3
FNH:3
FNDA:2,getFirstEnabledOutlookType
FNDA:2,isAnyOutlookEnabled
FNDA:2,isOutlookTypeEnabled
DA:1,1
DA:2,1
DA:3,1
DA:4,1
DA:5,1
DA:6,1
DA:7,1
DA:8,1
DA:9,2
DA:10,2
DA:11,2
DA:12,2
DA:13,1
DA:14,1
DA:15,1
DA:16,1
DA:17,1
DA:18,1
DA:19,1
DA:20,1
DA:21,1
DA:22,1
DA:23,2
DA:24,2
DA:25,2
DA:26,2
DA:27,2
DA:28,2
DA:29,2
DA:30,1
DA:31,1
DA:32,1
DA:33,1
DA:34,1
DA:35,2
DA:36,2
DA:37,0
DA:38,2
DA:39,1
DA:40,2
DA:41,1
DA:42,2
DA:43,0
DA:44,2
DA:45,0
DA:46,2
DA:47,2
LF:47
LH:44
BRDA:8,0,0,2
BRDA:9,1,0,1
BRDA:10,2,0,0
BRDA:11,3,0,1
BRDA:11,4,0,0
BRDA:12,5,0,1
BRDA:12,6,0,0
BRDA:13,7,0,1
BRDA:22,8,0,2
BRDA:34,9,0,2
BRDA:36,10,0,0
BRDA:38,11,0,1
BRDA:40,12,0,1
BRDA:42,13,0,0
BRDA:44,14,0,0
BRF:15
BRH:9
end_of_record
TN:
SF:src\utils\fileUtils.ts
FN:8,mapToArray
FN:11,arrayToMap
FN:29,createEmptyOutlook
FN:64,serializeForecast
FN:112,deserializeForecast
FN:184,cloneForecastCycle
FN:195,validateForecastData
FN:208,exportForecastToJson
FN:233,downloadGfcPackage
FNF:9
FNH:5
FNDA:1,mapToArray
FNDA:1,arrayToMap
FNDA:0,createEmptyOutlook
FNDA:1,serializeForecast
FNDA:1,deserializeForecast
FNDA:0,cloneForecastCycle
FNDA:3,validateForecastData
FNDA:0,exportForecastToJson
FNDA:0,downloadGfcPackage
DA:1,1
DA:2,1
DA:3,1
DA:4,1
DA:5,1
DA:6,1
DA:7,1
DA:8,1
DA:9,1
DA:10,1
DA:11,1
DA:12,1
DA:13,1
DA:14,1
DA:15,1
DA:16,1
DA:17,1
DA:18,1
DA:19,1
DA:20,1
DA:21,1
DA:22,1
DA:23,1
DA:24,1
DA:25,1
DA:26,1
DA:27,1
DA:28,1
DA:29,1
DA:30,0
DA:31,0
DA:32,0
DA:33,0
DA:34,0
DA:35,0
DA:36,0
DA:37,0
DA:38,0
DA:39,0
DA:40,0
DA:41,0
DA:42,0
DA:43,0
DA:44,0
DA:45,0
DA:46,0
DA:47,0
DA:48,0
DA:49,0
DA:50,0
DA:51,0
DA:52,0
DA:53,0
DA:54,0
DA:55,0
DA:56,0
DA:57,0
DA:58,0
DA:59,0
DA:60,1
DA:61,1
DA:62,1
DA:63,1
DA:64,1
DA:65,1
DA:66,1
DA:67,1
DA:68,1
DA:69,1
DA:70,1
DA:71,1
DA:72,1
DA:73,1
DA:74,1
DA:75,1
DA:76,1
DA:77,1
DA:78,1
DA:79,1
DA:80,1
DA:81,1
DA:82,1
DA:83,1
DA:84,1
DA:85,1
DA:86,1
DA:87,1
DA:88,1
DA:89,1
DA:90,1
DA:91,1
DA:92,1
DA:93,1
DA:94,1
DA:95,1
DA:96,1
DA:97,1
DA:98,1
DA:99,1
DA:100,1
DA:101,1
DA:102,1
DA:103,1
DA:104,1
DA:105,1
DA:106,1
DA:107,1
DA:108,1
DA:109,1
DA:110,1
DA:111,1
DA:112,1
DA:113,1
DA:114,1
DA:115,1
DA:116,1
DA:117,1
DA:118,1
DA:119,1
DA:120,1
DA:121,1
DA:122,1
DA:123,1
DA:124,1
DA:125,1
DA:126,1
DA:127,1
DA:128,1
DA:129,1
DA:130,1
DA:131,1
DA:132,1
DA:133,1
DA:134,1
DA:135,1
DA:136,1
DA:137,1
DA:138,1
DA:139,1
DA:140,1
DA:141,1
DA:142,1
DA:143,1
DA:144,1
DA:145,1
DA:146,1
DA:147,1
DA:148,1
DA:149,1
DA:150,1
DA:151,1
DA:152,1
DA:153,1
DA:154,1
DA:155,1
DA:156,1
DA:157,1
DA:158,1
DA:159,1
DA:160,1
DA:161,1
DA:162,1
DA:163,0
DA:164,0
DA:165,0
DA:166,0
DA:167,0
DA:168,0
DA:169,0
DA:170,0
DA:171,0
DA:172,0
DA:173,0
DA:174,0
DA:175,0
DA:176,0
DA:177,0
DA:178,0
DA:179,0
DA:180,0
DA:181,0
DA:182,1
DA:183,1
DA:184,1
DA:185,0
DA:186,0
DA:187,0
DA:188,0
DA:189,0
DA:190,0
DA:191,1
DA:192,1
DA:193,1
DA:194,1
DA:195,1
DA:196,3
DA:197,2
DA:198,2
DA:199,2
DA:200,3
DA:201,1
DA:202,1
DA:203,1
DA:204,1
DA:205,1
DA:206,1
DA:207,1
DA:208,1
DA:209,0
DA:210,0
DA:211,0
DA:212,0
DA:213,0
DA:214,0
DA:215,0
DA:216,0
DA:217,0
DA:218,0
DA:219,0
DA:220,0
DA:221,0
DA:222,0
DA:223,0
DA:224,0
DA:225,0
DA:226,0
DA:227,0
DA:228,0
DA:229,1
DA:230,1
DA:231,1
DA:232,1
DA:233,1
DA:234,0
DA:235,0
DA:236,0
DA:237,0
DA:238,0
DA:239,0
DA:240,0
DA:241,0
DA:242,0
DA:243,0
DA:244,0
DA:245,0
DA:246,0
DA:247,0
DA:248,0
DA:249,0
DA:250,0
DA:251,0
DA:252,0
DA:253,0
DA:254,0
DA:255,0
DA:256,0
DA:257,0
DA:258,0
DA:259,0
DA:260,0
DA:261,0
DA:262,0
DA:263,0
DA:264,0
DA:265,0
LF:265
LH:158
BRDA:8,0,0,1
BRDA:11,1,0,1
BRDA:64,2,0,1
BRDA:70,3,0,1
BRDA:76,4,0,0
BRDA:77,5,0,0
BRDA:78,6,0,0
BRDA:79,7,0,0
BRDA:80,8,0,0
BRDA:87,9,0,0
BRDA:112,10,0,1
BRDA:163,11,0,0
BRDA:118,12,0,1
BRDA:124,13,0,0
BRDA:125,14,0,0
BRDA:126,15,0,0
BRDA:127,16,0,0
BRDA:128,17,0,0
BRDA:133,18,0,1
BRDA:143,19,0,0
BRDA:144,20,0,0
BRDA:145,21,0,0
BRDA:146,22,0,0
BRDA:146,23,0,0
BRDA:147,24,0,0
BRDA:148,25,0,0
BRDA:195,26,0,3
BRDA:196,27,0,1
BRDA:197,28,0,2
BRDA:200,29,0,1
BRDA:200,30,0,1
BRF:31
BRH:12
end_of_record
TN:
SF:src\utils\forecastMetrics.ts
FN:11,countForecastMetrics
FNF:1
FNH:1
FNDA:1,countForecastMetrics
DA:1,1
DA:2,1
DA:3,1
DA:4,1
DA:5,1
DA:6,1
DA:7,1
DA:8,1
DA:9,1
DA:10,1
DA:11,1
DA:12,1
DA:13,1
DA:14,1
DA:15,1
DA:16,1
DA:17,1
DA:18,1
DA:19,1
DA:20,0
DA:21,0
DA:22,1
DA:23,1
DA:24,0
DA:25,0
DA:26,1
DA:27,1
DA:28,1
DA:29,0
DA:30,0
DA:31,1
DA:32,1
DA:33,1
DA:34,1
DA:35,1
DA:36,1
DA:37,1
DA:38,1
DA:39,1
DA:40,1
DA:41,1
DA:42,1
DA:43,1
DA:44,1
DA:45,1
DA:46,1
DA:47,1
DA:48,1
DA:49,1
LF:49
LH:43
BRDA:11,0,0,1
BRDA:16,1,0,1
BRDA:19,2,0,0
BRDA:23,3,0,0
BRDA:23,4,0,0
BRDA:27,5,0,1
BRDA:28,6,0,0
BRDA:34,7,0,1
BRF:8
BRH:4
end_of_record
TN:
SF:src\utils\forecastUiVariant.ts
FN:43,normalizeForecastUiVariant
FN:54,resolveForecastUiVariant
FN:83,readStoredForecastUiVariant
FN:92,writeStoredForecastUiVariant
FNF:4
FNH:4
FNDA:16,normalizeForecastUiVariant
FNDA:4,resolveForecastUiVariant
FNDA:1,readStoredForecastUiVariant
FNDA:1,writeStoredForecastUiVariant
DA:1,1
DA:2,1
DA:3,1
DA:4,1
DA:5,1
DA:6,1
DA:7,1
DA:8,1
DA:9,1
DA:10,1
DA:11,1
DA:12,1
DA:13,1
DA:14,1
DA:15,1
DA:16,1
DA:17,1
DA:18,1
DA:19,1
DA:20,1
DA:21,1
DA:22,1
DA:23,1
DA:24,1
DA:25,1
DA:26,1
DA:27,1
DA:28,1
DA:29,1
DA:30,1
DA:31,1
DA:32,1
DA:33,1
DA:34,1
DA:35,1
DA:36,1
DA:37,1
DA:38,1
DA:39,1
DA:40,1
DA:41,1
DA:42,1
DA:43,1
DA:44,16
DA:45,16
DA:46,16
DA:47,4
DA:48,4
DA:49,12
DA:50,16
DA:51,16
DA:52,1
DA:53,1
DA:54,1
DA:55,4
DA:56,4
DA:57,4
DA:58,4
DA:59,4
DA:60,4
DA:61,4
DA:62,4
DA:63,4
DA:64,4
DA:65,4
DA:66,1
DA:67,1
DA:68,3
DA:69,3
DA:70,4
DA:71,1
DA:72,1
DA:73,2
DA:74,2
DA:75,4
DA:76,1
DA:77,1
DA:78,1
DA:79,1
DA:80,1
DA:81,1
DA:82,1
DA:83,1
DA:84,1
DA:85,1
DA:86,1
DA:87,0
DA:88,0
DA:89,1
DA:90,1
DA:91,1
DA:92,1
DA:93,1
DA:94,1
DA:95,1
DA:96,0
DA:97,0
DA:98,1
LF:98
LH:94
BRDA:43,0,0,16
BRDA:46,1,0,4
BRDA:49,2,0,12
BRDA:50,3,0,8
BRDA:50,4,0,4
BRDA:54,5,0,4
BRDA:63,6,0,0
BRDA:65,7,0,1
BRDA:68,8,0,3
BRDA:70,9,0,1
BRDA:73,10,0,2
BRDA:75,11,0,1
BRDA:83,12,0,1
BRDA:86,13,0,0
BRDA:92,14,0,1
BRDA:95,15,0,0
BRF:16
BRH:13
end_of_record
TN:
SF:src\utils\localDate.ts
FN:2,getLocalCalendarDate
FNF:1
FNH:1
FNDA:4,getLocalCalendarDate
DA:1,1
DA:2,1
DA:3,4
DA:4,4
DA:5,4
DA:6,4
DA:7,4
LF:7
LH:7
BRDA:2,0,0,4
BRDA:2,1,0,3
BRF:2
BRH:2
end_of_record
TN:
SF:src\utils\mapStyleUtils.ts
FN:29,sortProbabilities
FN:58,getPercentValue
FN:71,lookupColor
FN:84,computeZIndex
FN:109,getFeatureStyle
FNF:5
FNH:5
FNDA:1,sortProbabilities
FNDA:2,getPercentValue
FNDA:1,lookupColor
FNDA:2,computeZIndex
FNDA:2,getFeatureStyle
DA:1,1
DA:2,1
DA:3,1
DA:4,1
DA:5,1
DA:6,1
DA:7,1
DA:8,1
DA:9,1
DA:10,1
DA:11,1
DA:12,1
DA:13,1
DA:14,1
DA:15,1
DA:16,1
DA:17,1
DA:18,1
DA:19,1
DA:20,1
DA:21,1
DA:22,1
DA:23,1
DA:24,1
DA:25,1
DA:26,1
DA:27,1
DA:28,1
DA:29,1
DA:30,1
DA:31,5
DA:32,5
DA:33,5
DA:34,5
DA:35,5
DA:36,5
DA:37,2
DA:38,2
DA:39,3
DA:40,5
DA:41,0
DA:42,0
DA:43,3
DA:44,5
DA:45,5
DA:46,1
DA:47,5
DA:48,0
DA:49,0
DA:50,1
DA:51,1
DA:52,1
DA:53,1
DA:54,1
DA:55,1
DA:56,1
DA:57,1
DA:58,1
DA:59,1
DA:60,1
DA:61,1
DA:62,1
DA:63,1
DA:64,1
DA:65,1
DA:66,1
DA:67,1
DA:68,1
DA:69,1
DA:70,1
DA:71,1
DA:72,1
DA:73,1
DA:74,1
DA:75,1
DA:76,1
DA:77,1
DA:78,1
DA:79,1
DA:80,1
DA:81,1
DA:82,1
DA:83,1
DA:84,1
DA:85,2
DA:86,2
DA:87,1
DA:88,1
DA:89,1
DA:90,1
DA:91,1
DA:92,1
DA:93,0
DA:94,0
DA:95,1
DA:96,2
DA:97,2
DA:98,1
DA:99,1
DA:100,1
DA:101,1
DA:102,1
DA:103,1
DA:104,1
DA:105,1
DA:106,1
DA:107,1
DA:108,1
DA:109,1
DA:110,2
DA:111,2
DA:112,2
DA:113,2
DA:114,1
DA:115,1
DA:116,1
DA:117,1
DA:118,1
DA:119,1
DA:120,1
DA:121,1
DA:122,1
DA:123,1
DA:124,1
DA:125,1
DA:126,1
DA:127,1
DA:128,1
DA:129,1
DA:130,1
DA:131,1
DA:132,1
DA:133,1
DA:134,1
DA:135,1
DA:136,1
DA:137,1
DA:138,1
DA:139,1
DA:140,1
DA:141,1
LF:141
LH:135
BRDA:29,0,0,1
BRDA:30,1,0,5
BRDA:36,2,0,2
BRDA:37,3,0,0
BRDA:39,4,0,3
BRDA:40,5,0,0
BRDA:40,6,0,0
BRDA:43,7,0,3
BRDA:44,8,0,1
BRDA:45,9,0,2
BRDA:45,10,0,1
BRDA:47,11,0,0
BRDA:47,12,0,0
BRDA:50,13,0,1
BRDA:58,14,0,2
BRDA:58,15,0,0
BRDA:71,16,0,1
BRDA:73,17,0,0
BRDA:73,18,0,0
BRDA:84,19,0,2
BRDA:86,20,0,1
BRDA:91,21,0,0
BRDA:92,22,0,0
BRDA:109,23,0,2
BRDA:113,24,0,1
BRDA:120,25,0,0
BRF:26
BRH:15
end_of_record
TN:
SF:src\utils\outlookUtils.ts
FN:72,getOutlookConstraints
FN:130,tornadoToCategorical
FN:172,windToCategorical
FN:204,hailToCategorical
FN:236,totalSevereToCategorical
FN:268,isSignificantThreat
FN:279,getHighestCategoricalRisk
FN:310,getCategoricalRiskDisplayName
FN:335,getOutlookColor
FNF:9
FNH:7
FNDA:0,getOutlookConstraints
FNDA:2,tornadoToCategorical
FNDA:1,windToCategorical
FNDA:1,hailToCategorical
FNDA:0,totalSevereToCategorical
FNDA:2,isSignificantThreat
FNDA:1,getHighestCategoricalRisk
FNDA:1,getCategoricalRiskDisplayName
FNDA:1,getOutlookColor
DA:1,1
DA:2,1
DA:3,1
DA:4,1
DA:5,1
DA:6,1
DA:7,1
DA:8,1
DA:9,1
DA:10,1
DA:11,1
DA:12,1
DA:13,1
DA:14,1
DA:15,1
DA:16,1
DA:17,1
DA:18,1
DA:19,1
DA:20,1
DA:21,1
DA:22,1
DA:23,1
DA:24,1
DA:25,1
DA:26,1
DA:27,1
DA:28,1
DA:29,1
DA:30,1
DA:31,1
DA:32,1
DA:33,1
DA:34,1
DA:35,1
DA:36,1
DA:37,1
DA:38,1
DA:39,1
DA:40,1
DA:41,1
DA:42,1
DA:43,1
DA:44,1
DA:45,1
DA:46,1
DA:47,1
DA:48,1
DA:49,1
DA:50,1
DA:51,1
DA:52,1
DA:53,1
DA:54,1
DA:55,1
DA:56,1
DA:57,1
DA:58,1
DA:59,1
DA:60,1
DA:61,1
DA:62,1
DA:63,1
DA:64,1
DA:65,1
DA:66,1
DA:67,1
DA:68,1
DA:69,1
DA:70,1
DA:71,1
DA:72,0
DA:73,0
DA:74,0
DA:75,0
DA:76,0
DA:77,0
DA:78,0
DA:79,0
DA:80,0
DA:81,0
DA:82,0
DA:83,0
DA:84,0
DA:85,0
DA:86,0
DA:87,0
DA:88,0
DA:89,0
DA:90,0
DA:91,0
DA:92,0
DA:93,0
DA:94,0
DA:95,0
DA:96,0
DA:97,0
DA:98,0
DA:99,0
DA:100,0
DA:101,0
DA:102,0
DA:103,0
DA:104,0
DA:105,0
DA:106,0
DA:107,0
DA:108,0
DA:109,0
DA:110,0
DA:111,0
DA:112,0
DA:113,0
DA:114,0
DA:115,0
DA:116,0
DA:117,0
DA:118,0
DA:119,0
DA:120,0
DA:121,0
DA:122,0
DA:123,0
DA:124,0
DA:125,0
DA:126,1
DA:127,1
DA:128,1
DA:129,1
DA:130,2
DA:131,2
DA:132,2
DA:133,2
DA:134,2
DA:135,2
DA:136,2
DA:137,0
DA:138,0
DA:139,2
DA:140,2
DA:141,2
DA:142,0
DA:143,0
DA:144,2
DA:145,2
DA:146,2
DA:147,2
DA:148,0
DA:149,0
DA:150,2
DA:151,2
DA:152,0
DA:153,0
DA:154,2
DA:155,2
DA:156,0
DA:157,0
DA:158,0
DA:159,0
DA:160,0
DA:161,0
DA:162,0
DA:163,0
DA:164,0
DA:165,0
DA:166,0
DA:167,0
DA:168,1
DA:169,1
DA:170,1
DA:171,1
DA:172,1
DA:173,1
DA:174,1
DA:175,1
DA:176,1
DA:177,0
DA:178,0
DA:179,1
DA:180,1
DA:181,1
DA:182,0
DA:183,0
DA:184,1
DA:185,1
DA:186,0
DA:187,1
DA:188,1
DA:189,0
DA:190,0
DA:191,1
DA:192,1
DA:193,0
DA:194,0
DA:195,1
DA:196,1
DA:197,0
DA:198,0
DA:199,0
DA:200,1
DA:201,1
DA:202,1
DA:203,1
DA:204,1
DA:205,1
DA:206,1
DA:207,1
DA:208,1
DA:209,0
DA:210,0
DA:211,1
DA:212,1
DA:213,1
DA:214,0
DA:215,0
DA:216,1
DA:217,1
DA:218,1
DA:219,1
DA:220,0
DA:221,0
DA:222,1
DA:223,1
DA:224,0
DA:225,0
DA:226,0
DA:227,0
DA:228,0
DA:229,0
DA:230,0
DA:231,1
DA:232,1
DA:233,1
DA:234,1
DA:235,1
DA:236,0
DA:237,0
DA:238,0
DA:239,0
DA:240,0
DA:241,0
DA:242,0
DA:243,0
DA:244,0
DA:245,0
DA:246,0
DA:247,0
DA:248,0
DA:249,0
DA:250,0
DA:251,0
DA:252,0
DA:253,0
DA:254,0
DA:255,0
DA:256,0
DA:257,0
DA:258,0
DA:259,0
DA:260,0
DA:261,0
DA:262,1
DA:263,1
DA:264,1
DA:265,1
DA:266,1
DA:267,1
DA:268,2
DA:269,2
DA:270,2
DA:271,1
DA:272,1
DA:273,1
DA:274,1
DA:275,1
DA:276,1
DA:277,1
DA:278,1
DA:279,1
DA:280,1
DA:281,1
DA:282,1
DA:283,1
DA:284,1
DA:285,1
DA:286,1
DA:287,1
DA:288,1
DA:289,1
DA:290,1
DA:291,1
DA:292,1
DA:293,1
DA:294,1
DA:295,1
DA:296,1
DA:297,1
DA:298,1
DA:299,1
DA:300,1
DA:301,1
DA:302,1
DA:303,1
DA:304,1
DA:305,1
DA:306,1
DA:307,1
DA:308,1
DA:309,1
DA:310,1
DA:311,1
DA:312,1
DA:313,0
DA:314,1
DA:315,0
DA:316,1
DA:317,0
DA:318,1
DA:319,0
DA:320,1
DA:321,1
DA:322,1
DA:323,0
DA:324,1
DA:325,0
DA:326,1
DA:327,1
DA:328,1
DA:329,1
DA:330,1
DA:331,1
DA:332,1
DA:333,1
DA:334,1
DA:335,1
DA:336,1
DA:337,1
DA:338,1
DA:339,1
DA:340,1
DA:341,1
DA:342,0
DA:343,0
LF:343
LH:210
BRDA:130,0,0,2
BRDA:130,1,0,1
BRDA:136,2,0,0
BRDA:137,3,0,0
BRDA:139,4,0,0
BRDA:140,5,0,0
BRDA:141,6,0,0
BRDA:144,7,0,0
BRDA:145,8,0,0
BRDA:146,9,0,0
BRDA:147,10,0,0
BRDA:147,11,0,0
BRDA:147,12,0,0
BRDA:150,13,0,0
BRDA:151,14,0,0
BRDA:151,15,0,0
BRDA:154,16,0,0
BRDA:154,17,0,0
BRDA:155,18,0,0
BRDA:172,19,0,1
BRDA:176,20,0,0
BRDA:177,21,0,0
BRDA:179,22,0,0
BRDA:180,23,0,0
BRDA:181,24,0,0
BRDA:184,25,0,0
BRDA:185,26,0,0
BRDA:187,27,0,0
BRDA:188,28,0,0
BRDA:191,29,0,0
BRDA:192,30,0,0
BRDA:195,31,0,0
BRDA:196,32,0,0
BRDA:204,33,0,1
BRDA:208,34,0,0
BRDA:209,35,0,0
BRDA:211,36,0,0
BRDA:212,37,0,0
BRDA:213,38,0,0
BRDA:216,39,0,0
BRDA:217,40,0,0
BRDA:218,41,0,0
BRDA:219,42,0,0
BRDA:222,43,0,0
BRDA:223,44,0,0
BRDA:268,45,0,2
BRDA:279,46,0,1
BRDA:298,47,0,0
BRDA:300,48,0,3
BRDA:301,49,0,0
BRDA:310,50,0,1
BRDA:312,51,0,0
BRDA:314,52,0,0
BRDA:316,53,0,0
BRDA:318,54,0,0
BRDA:322,55,0,0
BRDA:324,56,0,0
BRDA:335,57,0,1
BRDA:339,58,0,0
BRDA:342,59,0,0
BRF:60
BRH:9
end_of_record
TN:
SF:src\utils\productMetrics.ts
FN:21,getInstallationId
FN:41,recordProductMetric
FN:74,queueProductMetric
FNF:3
FNH:3
FNDA:1,getInstallationId
FNDA:1,recordProductMetric
FNDA:1,queueProductMetric
DA:1,1
DA:2,1
DA:3,1
DA:4,1
DA:5,1
DA:6,1
DA:7,1
DA:8,1
DA:9,1
DA:10,1
DA:11,1
DA:12,1
DA:13,1
DA:14,1
DA:15,1
DA:16,1
DA:17,1
DA:18,1
DA:19,1
DA:20,1
DA:21,1
DA:22,1
DA:23,1
DA:24,1
DA:25,0
DA:26,0
DA:27,0
DA:28,0
DA:29,0
DA:30,0
DA:31,0
DA:32,1
DA:33,1
DA:34,1
DA:35,1
DA:36,1
DA:37,1
DA:38,1
DA:39,1
DA:40,1
DA:41,1
DA:42,1
DA:43,1
DA:44,1
DA:45,1
DA:46,1
DA:47,1
DA:48,1
DA:49,1
DA:50,0
DA:51,0
DA:52,0
DA:53,0
DA:54,0
DA:55,0
DA:56,1
DA:57,1
DA:58,1
DA:59,1
DA:60,0
DA:61,0
DA:62,0
DA:63,0
DA:64,0
DA:65,0
DA:66,0
DA:67,0
DA:68,1
DA:69,1
DA:70,1
DA:71,1
DA:72,1
DA:73,1
DA:74,1
DA:75,1
DA:76,1
LF:76
LH:55
BRDA:21,0,0,1
BRDA:22,1,0,0
BRDA:25,2,0,0
BRDA:32,3,0,0
BRDA:32,4,0,0
BRDA:33,5,0,0
BRDA:34,6,0,0
BRDA:41,7,0,1
BRDA:50,8,0,0
BRDA:59,9,0,0
BRDA:74,10,0,1
BRF:11
BRH:3
end_of_record
TN:
SF:src\utils\stormReportParser.ts
FN:9,fetchStormReports
FN:31,parseCSV
FN:90,parseCSVRow
FN:172,formatReportDate
FN:182,parseReportDate
FNF:5
FNH:5
FNDA:2,fetchStormReports
FNDA:2,parseCSV
FNDA:5,parseCSVRow
FNDA:2,formatReportDate
FNDA:2,parseReportDate
DA:1,1
DA:2,1
DA:3,1
DA:4,1
DA:5,1
DA:6,1
DA:7,1
DA:8,1
DA:9,2
DA:10,2
DA:11,2
DA:12,2
DA:13,2
DA:14,2
DA:15,2
DA:16,0
DA:17,0
DA:18,2
DA:19,2
DA:20,2
DA:21,2
DA:22,2
DA:23,2
DA:24,2
DA:25,2
DA:26,2
DA:27,1
DA:28,1
DA:29,1
DA:30,1
DA:31,2
DA:32,2
DA:33,2
DA:34,2
DA:35,2
DA:36,2
DA:37,2
DA:38,2
DA:39,19
DA:40,19
DA:41,19
DA:42,19
DA:43,4
DA:44,4
DA:45,15
DA:46,15
DA:47,19
DA:48,2
DA:49,2
DA:50,19
DA:51,2
DA:52,2
DA:53,13
DA:54,1
DA:55,1
DA:56,1
DA:57,10
DA:58,10
DA:59,19
DA:60,5
DA:61,5
DA:62,5
DA:63,5
DA:64,5
DA:65,19
DA:66,0
DA:67,0
DA:68,5
DA:69,19
DA:70,0
DA:71,0
DA:72,5
DA:73,5
DA:74,5
DA:75,5
DA:76,16
DA:77,4
DA:78,4
DA:79,19
DA:80,0
DA:81,0
DA:82,19
DA:83,2
DA:84,2
DA:85,2
DA:86,1
DA:87,1
DA:88,1
DA:89,1
DA:90,5
DA:91,5
DA:92,5
DA:93,5
DA:94,5
DA:95,5
DA:96,5
DA:97,280
DA:98,280
DA:99,280
DA:100,10
DA:101,280
DA:102,45
DA:103,45
DA:104,270
DA:105,225
DA:106,225
DA:107,280
DA:108,5
DA:109,5
DA:110,5
DA:111,5
DA:112,5
DA:113,50
DA:114,5
DA:115,5
DA:116,5
DA:117,5
DA:118,5
DA:119,5
DA:120,5
DA:121,1
DA:122,1
DA:123,4
DA:124,4
DA:125,5
DA:126,5
DA:127,5
DA:128,5
DA:129,5
DA:130,2
DA:131,2
DA:132,1
DA:133,1
DA:134,1
DA:135,1
DA:136,1
DA:137,1
DA:138,1
DA:139,1
DA:140,1
DA:141,2
DA:142,1
DA:143,1
DA:144,1
DA:145,1
DA:146,1
DA:147,1
DA:148,1
DA:149,1
DA:150,1
DA:151,1
DA:152,1
DA:153,1
DA:154,4
DA:155,4
DA:156,4
DA:157,4
DA:158,4
DA:159,4
DA:160,4
DA:161,4
DA:162,5
DA:163,5
DA:164,5
DA:165,5
DA:166,5
DA:167,5
DA:168,1
DA:169,1
DA:170,1
DA:171,1
DA:172,2
DA:173,2
DA:174,2
DA:175,2
DA:176,2
DA:177,2
DA:178,1
DA:179,1
DA:180,1
DA:181,1
DA:182,2
DA:183,2
DA:184,2
DA:185,2
DA:186,2
DA:187,2
LF:187
LH:179
BRDA:9,0,0,2
BRDA:15,1,0,0
BRDA:31,2,0,2
BRDA:38,3,0,19
BRDA:42,4,0,4
BRDA:45,5,0,15
BRDA:47,6,0,2
BRDA:50,7,0,13
BRDA:50,8,0,12
BRDA:50,9,0,2
BRDA:53,10,0,11
BRDA:53,11,0,1
BRDA:57,12,0,10
BRDA:59,13,0,5
BRDA:65,14,0,0
BRDA:68,15,0,5
BRDA:69,16,0,0
BRDA:72,17,0,16
BRDA:72,18,0,5
BRDA:76,19,0,4
BRDA:79,20,0,0
BRDA:90,21,0,5
BRDA:96,22,0,280
BRDA:99,23,0,10
BRDA:101,24,0,270
BRDA:101,25,0,47
BRDA:101,26,0,45
BRDA:104,27,0,225
BRDA:120,28,0,4
BRDA:120,29,0,1
BRDA:123,30,0,4
BRDA:125,31,0,0
BRDA:129,32,0,2
BRDA:131,33,0,1
BRDA:135,34,0,0
BRDA:141,35,0,1
BRDA:154,36,0,4
BRDA:162,37,0,0
BRDA:163,38,0,0
BRDA:164,39,0,0
BRDA:165,40,0,3
BRDA:112,41,0,50
BRDA:113,42,0,11
BRDA:172,43,0,2
BRDA:182,44,0,2
BRF:45
BRH:36
end_of_record
TN:
SF:src\utils\verificationUtils.ts
FN:42,analyzeOutlookType
FN:144,compareRiskLevels
FN:162,analyzeVerification
FN:186,calculatePOD
FN:194,formatOutlookVerificationSummary
FN:223,formatVerificationSummary
FNF:6
FNH:6
FNDA:4,analyzeOutlookType
FNDA:1,compareRiskLevels
FNDA:1,analyzeVerification
FNDA:3,calculatePOD
FNDA:3,formatOutlookVerificationSummary
FNDA:1,formatVerificationSummary
DA:1,1
DA:2,1
DA:3,1
DA:4,1
DA:5,1
DA:6,1
DA:7,1
DA:8,1
DA:9,1
DA:10,1
DA:11,1
DA:12,1
DA:13,1
DA:14,1
DA:15,1
DA:16,1
DA:17,1
DA:18,1
DA:19,1
DA:20,1
DA:21,1
DA:22,1
DA:23,1
DA:24,1
DA:25,1
DA:26,1
DA:27,1
DA:28,1
DA:29,1
DA:30,1
DA:31,1
DA:32,1
DA:33,1
DA:34,1
DA:35,1
DA:36,1
DA:37,1
DA:38,1
DA:39,1
DA:40,1
DA:41,1
DA:42,4
DA:43,4
DA:44,4
DA:45,4
DA:46,4
DA:47,4
DA:48,4
DA:49,4
DA:50,4
DA:51,4
DA:52,4
DA:53,4
DA:54,4
DA:55,4
DA:56,4
DA:57,4
DA:58,4
DA:59,4
DA:60,2
DA:61,2
DA:62,2
DA:63,2
DA:64,2
DA:65,2
DA:66,2
DA:67,2
DA:68,2
DA:69,2
DA:70,2
DA:71,2
DA:72,2
DA:73,0
DA:74,0
DA:75,2
DA:76,2
DA:77,2
DA:78,2
DA:79,2
DA:80,2
DA:81,2
DA:82,2
DA:83,2
DA:84,0
DA:85,0
DA:86,2
DA:87,2
DA:88,2
DA:89,2
DA:90,2
DA:91,2
DA:92,2
DA:93,2
DA:94,2
DA:95,2
DA:96,2
DA:97,2
DA:98,2
DA:99,2
DA:100,2
DA:101,2
DA:102,2
DA:103,2
DA:104,2
DA:105,2
DA:106,2
DA:107,2
DA:108,2
DA:109,2
DA:110,2
DA:111,2
DA:112,2
DA:113,2
DA:114,2
DA:115,2
DA:116,2
DA:117,2
DA:118,0
DA:119,0
DA:120,4
DA:121,4
DA:122,4
DA:123,4
DA:124,2
DA:125,2
DA:126,4
DA:127,4
DA:128,4
DA:129,2
DA:130,2
DA:131,2
DA:132,2
DA:133,2
DA:134,2
DA:135,4
DA:136,4
DA:137,4
DA:138,4
DA:139,1
DA:140,1
DA:141,1
DA:142,1
DA:143,1
DA:144,1
DA:145,1
DA:146,1
DA:147,1
DA:148,1
DA:149,1
DA:150,1
DA:151,1
DA:152,1
DA:153,1
DA:154,1
DA:155,1
DA:156,1
DA:157,1
DA:158,1
DA:159,1
DA:160,1
DA:161,1
DA:162,1
DA:163,1
DA:164,1
DA:165,1
DA:166,1
DA:167,1
DA:168,1
DA:169,1
DA:170,1
DA:171,1
DA:172,1
DA:173,1
DA:174,1
DA:175,1
DA:176,1
DA:177,1
DA:178,1
DA:179,1
DA:180,1
DA:181,1
DA:182,1
DA:183,1
DA:184,1
DA:185,1
DA:186,3
DA:187,3
DA:188,3
DA:189,3
DA:190,1
DA:191,1
DA:192,1
DA:193,1
DA:194,3
DA:195,3
DA:196,3
DA:197,3
DA:198,3
DA:199,3
DA:200,3
DA:201,3
DA:202,3
DA:203,3
DA:204,3
DA:205,3
DA:206,3
DA:207,3
DA:208,3
DA:209,3
DA:210,3
DA:211,3
DA:212,3
DA:213,4
DA:214,3
DA:215,3
DA:216,3
DA:217,3
DA:218,3
DA:219,1
DA:220,1
DA:221,1
DA:222,1
DA:223,1
DA:224,1
DA:225,1
DA:226,1
DA:227,1
DA:228,1
DA:229,1
DA:230,1
DA:231,1
DA:232,1
DA:233,1
DA:234,1
DA:235,1
DA:236,1
DA:237,1
DA:238,1
DA:239,1
LF:239
LH:233
BRDA:42,0,0,4
BRDA:123,1,0,2
BRDA:56,2,0,4
BRDA:59,3,0,2
BRDA:72,4,0,0
BRDA:72,5,0,0
BRDA:83,6,0,0
BRDA:117,7,0,0
BRDA:94,8,0,2
BRDA:96,9,0,0
BRDA:96,10,0,0
BRDA:128,11,0,2
BRDA:144,12,0,1
BRDA:149,13,0,0
BRDA:149,14,0,0
BRDA:150,15,0,0
BRDA:151,16,0,0
BRDA:162,17,0,1
BRDA:169,18,0,1
BRDA:170,19,0,1
BRDA:171,20,0,1
BRDA:186,21,0,3
BRDA:188,22,0,2
BRDA:188,23,0,1
BRDA:194,24,0,3
BRDA:211,25,0,1
BRDA:212,26,0,4
BRDA:223,27,0,1
BRDA:223,28,0,0
BRF:29
BRH:18
end_of_record
